<?xml version="1.0" encoding="UTF-8"?>
<!-- Generated by org.testng.reporters.JUnitReportReporter -->
<testsuite skipped="0" hostname="11600DS07251808" name="RestAssuredAPI.TC004_Get_Request_GetAllHeaders" tests="1" failures="0" timestamp="05 Aug 2022 14:14:21 GMT" time="1.227" errors="0">
  <testcase name="getAllHeaders" time="1.227" classname="RestAssuredAPI.TC004_Get_Request_GetAllHeaders"/>
</testsuite> <!-- RestAssuredAPI.TC004_Get_Request_GetAllHeaders -->
