<?xml version="1.0" encoding="UTF-8"?>
<!-- Generated by org.testng.reporters.JUnitReportReporter -->
<testsuite skipped="0" hostname="11600DS07251808" name="RestAssuredAPI.TC003_Get_Request_HeaderValidation" tests="1" failures="0" timestamp="05 Aug 2022 14:14:21 GMT" time="1.290" errors="0">
  <testcase name="validateHeader" time="1.290" classname="RestAssuredAPI.TC003_Get_Request_HeaderValidation"/>
</testsuite> <!-- RestAssuredAPI.TC003_Get_Request_HeaderValidation -->
