<?xml version="1.0" encoding="UTF-8"?>
<!-- Generated by org.testng.reporters.JUnitReportReporter -->
<testsuite skipped="0" hostname="11600DS07251808" name="RestAssuredAPI.TC001_Get_Request" tests="1" failures="0" timestamp="05 Aug 2022 14:14:21 GMT" time="4.729" errors="0">
  <testcase name="getBookingId" time="4.729" classname="RestAssuredAPI.TC001_Get_Request"/>
</testsuite> <!-- RestAssuredAPI.TC001_Get_Request -->
