<?xml version="1.0" encoding="UTF-8"?>
<!-- Generated by org.testng.reporters.JUnitReportReporter -->
<testsuite skipped="0" hostname="11600DS07251808" name="RestAssuredDataDrivenTesting.TC001_POST_Request_ReadDataFromExcel" tests="3" failures="0" timestamp="05 Aug 2022 14:14:21 GMT" time="4.535" errors="0">
  <testcase name="createnewBook" time="1.611" classname="RestAssuredDataDrivenTesting.TC001_POST_Request_ReadDataFromExcel"/>
  <testcase name="createnewBook" time="1.318" classname="RestAssuredDataDrivenTesting.TC001_POST_Request_ReadDataFromExcel"/>
  <testcase name="createnewBook" time="1.606" classname="RestAssuredDataDrivenTesting.TC001_POST_Request_ReadDataFromExcel"/>
</testsuite> <!-- RestAssuredDataDrivenTesting.TC001_POST_Request_ReadDataFromExcel -->
