<?xml version="1.0" encoding="UTF-8"?>
<!-- Generated by org.testng.reporters.JUnitReportReporter -->
<testsuite skipped="0" hostname="11600DS07251808" name="RestAssuredAPI.TC005_Get_Request_ValidateResponseFields" tests="1" failures="0" timestamp="05 Aug 2022 14:14:21 GMT" time="1.360" errors="0">
  <testcase name="validateResponsefields" time="1.360" classname="RestAssuredAPI.TC005_Get_Request_ValidateResponseFields"/>
</testsuite> <!-- RestAssuredAPI.TC005_Get_Request_ValidateResponseFields -->
