<?xml version="1.0" encoding="UTF-8"?>
<!-- Generated by org.testng.reporters.JUnitReportReporter -->
<testsuite skipped="0" hostname="11600DS07251808" name="RestAssuredDataDrivenTesting.TC001_Post_Request_DataProvider" tests="3" failures="0" timestamp="05 Aug 2022 14:14:21 GMT" time="3.811" errors="0">
  <testcase name="createDatausingDataProvider" time="1.281" classname="RestAssuredDataDrivenTesting.TC001_Post_Request_DataProvider"/>
  <testcase name="createDatausingDataProvider" time="1.330" classname="RestAssuredDataDrivenTesting.TC001_Post_Request_DataProvider"/>
  <testcase name="createDatausingDataProvider" time="1.200" classname="RestAssuredDataDrivenTesting.TC001_Post_Request_DataProvider"/>
</testsuite> <!-- RestAssuredDataDrivenTesting.TC001_Post_Request_DataProvider -->
